<?xml version="1.0" encoding="UTF-8" ?>
<testsuite failures="0" time="0.071" errors="0" skipped="3" tests="5" name="org.cimmyt.corehunter.test.TestAccessionCollection">
  <properties>
[...]
</properties>
  <testcase time="0.011" classname="org.cimmyt.corehunter.test.TestAccessionCollection" name="verifyAddDataset"/>
  <testcase time="0.004" classname="org.cimmyt.corehunter.test.TestAccessionCollection" name="verifyMultipleAddDataset"/>
  <testcase time="0.005" classname="org.cimmyt.corehunter.test.TestAccessionCollection" name="verifyCopyConstructor">
    <skipped/>
  </testcase>
  <testcase time="0.006" classname="org.cimmyt.corehunter.test.TestAccessionCollection" name="verifyGetMeasureValueForMissingMeasure">
    <skipped/>
  </testcase>
  <testcase time="0.006" classname="org.cimmyt.corehunter.test.TestAccessionCollection" name="verifyGetMeasureValue">
    <skipped/>
  </testcase>
</testsuite>